Build started 6/3/2015 11:50:40 PM.
     1>Project "C:\Users\Sam\Desktop\MQ2-PEQ-RoF2-cpp\MQ2Main\MQ2Main.vcxproj" on node 2 (Build target(s)).
     1>ClCompile:
         C:\Program Files (x86)\Microsoft Visual Studio 12.0\VC\bin\CL.exe /c /I..\PerlCore\inc /Zi /nologo /W3 /WX- /O2 /Ob1 /Oy- /D EQLIB_EXPORTS /D CINTERFACE /D _WINDLL /D _MBCS /GF /Gm- /MT /Zp1 /GS- /Gy- /fp:precise /Zc:wchar_t /Zc:forScope /Fo".\Intermediate\\" /Fd".\Intermediate\vc120.pdb" /Gd /TP /analyze- /errorReport:prompt /DCINTERFACE  EQClasses.cpp MQ2Auth.cpp MQ2Benchmarks.cpp MQ2ChatHook.cpp MQ2CleanUI.cpp MQ2CommandAPI.cpp MQ2Commands.cpp MQ2Data.cpp MQ2DataAPI.cpp MQ2DataTypes.cpp MQ2DataVars.cpp MQ2DetourAPI.cpp MQ2DInput.cpp MQ2Globals.cpp MQ2KeyBinds.cpp MQ2MacroCommands.cpp MQ2Main.cpp MQ2Mouse.cpp MQ2ParseAPI.cpp MQ2PluginHandler.cpp MQ2Pulse.cpp MQ2Spawns.cpp MQ2Utilities.cpp MQ2Windows.cpp
         EQClasses.cpp
         MQ2Auth.cpp
         MQ2Benchmarks.cpp
         MQ2ChatHook.cpp
         MQ2CleanUI.cpp
         MQ2CommandAPI.cpp
         MQ2Commands.cpp
         MQ2Data.cpp
         MQ2DataAPI.cpp
         MQ2DataTypes.cpp
         MQ2DataVars.cpp
         MQ2DetourAPI.cpp
         MQ2DInput.cpp
         MQ2Globals.cpp
         MQ2KeyBinds.cpp
         MQ2MacroCommands.cpp
         MQ2Main.cpp
         EQLIB_EXPORTS
         MQ2Mouse.cpp
         MQ2ParseAPI.cpp
         MQ2PluginHandler.cpp
         Generating Code...
         Compiling...
         MQ2Pulse.cpp
         MQ2Spawns.cpp
         MQ2Utilities.cpp
         MQ2Windows.cpp
         Generating Code...
       Link:
         C:\Program Files (x86)\Microsoft Visual Studio 12.0\VC\bin\link.exe /ERRORREPORT:PROMPT /OUT:"..\Release\MQ2Main.dll" /INCREMENTAL:NO /LIBPATH:..\Detours\lib wsock32.lib winmm.lib kernel32.lib user32.lib gdi32.lib winspool.lib comdlg32.lib advapi32.lib shell32.lib ole32.lib oleaut32.lib uuid.lib odbc32.lib odbccp32.lib /MANIFEST /MANIFESTUAC:"level='asInvoker' uiAccess='false'" /manifest:embed /DEBUG /PDB:"..\Release\MQ2Main.pdb" /MAP /MAPINFO:EXPORTS /SUBSYSTEM:WINDOWS /OPT:NOREF /OPT:NOICF /TLBID:1 /BASE:"0x03000000" /DYNAMICBASE /NXCOMPAT /IMPLIB:"..\Release\MQ2Main.lib" /MACHINE:X86 /SAFESEH /OPT:NOICF /DLL .\Intermediate\EQClasses.obj
         .\Intermediate\MQ2Auth.obj
         .\Intermediate\MQ2Benchmarks.obj
         .\Intermediate\MQ2ChatHook.obj
         .\Intermediate\MQ2CleanUI.obj
         .\Intermediate\MQ2CommandAPI.obj
         .\Intermediate\MQ2Commands.obj
         .\Intermediate\MQ2Data.obj
         .\Intermediate\MQ2DataAPI.obj
         .\Intermediate\MQ2DataTypes.obj
         .\Intermediate\MQ2DataVars.obj
         .\Intermediate\MQ2DetourAPI.obj
         .\Intermediate\MQ2DInput.obj
         .\Intermediate\MQ2Globals.obj
         .\Intermediate\MQ2KeyBinds.obj
         .\Intermediate\MQ2MacroCommands.obj
         .\Intermediate\MQ2Main.obj
         .\Intermediate\MQ2Mouse.obj
         .\Intermediate\MQ2ParseAPI.obj
         .\Intermediate\MQ2PluginHandler.obj
         .\Intermediate\MQ2Pulse.obj
         .\Intermediate\MQ2Spawns.obj
         .\Intermediate\MQ2Utilities.obj
         .\Intermediate\MQ2Windows.obj
         Microsoft (R) Incremental Linker Version 12.00.31101.0
         Copyright (C) Microsoft Corporation.  All rights reserved.
         
         "/OUT:..\Release\MQ2Main.dll" /INCREMENTAL:NO /LIBPATH:..\Detours\lib wsock32.lib winmm.lib kernel32.lib user32.lib gdi32.lib winspool.lib comdlg32.lib advapi32.lib shell32.lib ole32.lib oleaut32.lib uuid.lib odbc32.lib odbccp32.lib /MANIFEST "/MANIFESTUAC:level='asInvoker' uiAccess='false'" /manifest:embed /DEBUG "/PDB:..\Release\MQ2Main.pdb" /MAP /MAPINFO:EXPORTS /SUBSYSTEM:WINDOWS /OPT:NOREF /OPT:NOICF /TLBID:1 "/BASE:0x03000000" /DYNAMICBASE /NXCOMPAT "/IMPLIB:..\Release\MQ2Main.lib" /MACHINE:X86 /SAFESEH /OPT:NOICF /DLL .\Intermediate\EQClasses.obj 
         .\Intermediate\MQ2Auth.obj 
         .\Intermediate\MQ2Benchmarks.obj 
         .\Intermediate\MQ2ChatHook.obj 
         .\Intermediate\MQ2CleanUI.obj 
         .\Intermediate\MQ2CommandAPI.obj 
         .\Intermediate\MQ2Commands.obj 
         .\Intermediate\MQ2Data.obj 
         .\Intermediate\MQ2DataAPI.obj 
         .\Intermediate\MQ2DataTypes.obj 
         .\Intermediate\MQ2DataVars.obj 
         .\Intermediate\MQ2DetourAPI.obj 
         .\Intermediate\MQ2DInput.obj 
         .\Intermediate\MQ2Globals.obj 
         .\Intermediate\MQ2KeyBinds.obj 
         .\Intermediate\MQ2MacroCommands.obj 
         .\Intermediate\MQ2Main.obj 
         .\Intermediate\MQ2Mouse.obj 
         .\Intermediate\MQ2ParseAPI.obj 
         .\Intermediate\MQ2PluginHandler.obj 
         .\Intermediate\MQ2Pulse.obj 
         .\Intermediate\MQ2Spawns.obj 
         .\Intermediate\MQ2Utilities.obj 
         .\Intermediate\MQ2Windows.obj 
            Creating library ..\Release\MQ2Main.lib and object ..\Release\MQ2Main.exp
         MQ2Main.vcxproj -> C:\Users\Sam\Desktop\MQ2-PEQ-RoF2-cpp\MQ2Main\..\Release\MQ2Main.dll
     1>Done Building Project "C:\Users\Sam\Desktop\MQ2-PEQ-RoF2-cpp\MQ2Main\MQ2Main.vcxproj" (Build target(s)).

Build succeeded.

Time Elapsed 00:00:18.86
